<?xml version="1.0" encoding="UTF-8"?>
<!-- Generated by org.testng.reporters.JUnitReportReporter -->
<testsuite hostname="DESKTOP-PGNCCBS" failures="0" tests="3" name="testclass.CrossBrowserTesting" time="78.545" errors="0" timestamp="2023-10-16T16:26:59 IST" skipped="0">
  <testcase classname="testclass.CrossBrowserTesting" name="test1" time="33.891"/>
  <system-out/>
  <testcase classname="testclass.CrossBrowserTesting" name="test1" time="32.371"/>
  <system-out/>
  <testcase classname="testclass.CrossBrowserTesting" name="test1" time="12.283"/>
  <system-out/>
</testsuite> <!-- testclass.CrossBrowserTesting -->
