<?xml version="1.0" encoding="UTF-8"?>
<!-- Generated by org.testng.reporters.JUnitReportReporter -->
<testsuite hostname="DESKTOP-PGNCCBS" failures="0" tests="5" name="testclass.TestingUI" time="4.609" errors="0" timestamp="2023-10-16T20:31:07 IST" skipped="0">
  <testcase classname="testclass.TestingUI" name="veryuser" time="0.121"/>
  <system-out/>
  <testcase classname="testclass.TestingUI" name="veryfypass" time="0.217"/>
  <system-out/>
  <testcase classname="testclass.TestingUI" name="verifypage" time="1.079"/>
  <system-out/>
  <testcase classname="testclass.TestingUI" name="verifypolicyassurance" time="0.441"/>
  <system-out/>
  <testcase classname="testclass.TestingUI" name="verifycration" time="2.751"/>
  <system-out/>
</testsuite> <!-- testclass.TestingUI -->
